This file contains any messages produced by compilers while
running configure, to aid debugging if configure makes a mistake.

It was created by ppcg configure 0.05, which was
generated by GNU Autoconf 2.69.  Invocation command line was

  $ ./configure 

## --------- ##
## Platform. ##
## --------- ##

hostname = jie-zhao
uname -m = x86_64
uname -r = 4.10.0-20-generic
uname -s = Linux
uname -v = #22-Ubuntu SMP Thu Apr 20 09:22:42 UTC 2017

/usr/bin/uname -p = unknown
/bin/uname -X     = unknown

/bin/arch              = unknown
/usr/bin/arch -k       = unknown
/usr/convex/getsysinfo = unknown
/usr/bin/hostinfo      = unknown
/bin/machine           = unknown
/usr/bin/oslevel       = unknown
/bin/universe          = unknown

PATH: /usr/local/sbin
PATH: /usr/local/bin
PATH: /usr/sbin
PATH: /usr/bin
PATH: /sbin
PATH: /bin
PATH: /usr/games
PATH: /usr/local/games
PATH: /snap/bin


## ----------- ##
## Core tests. ##
## ----------- ##

configure:2309: checking for a BSD-compatible install
configure:2377: result: /usr/bin/install -c
configure:2388: checking whether build environment is sane
configure:2443: result: yes
configure:2594: checking for a thread-safe mkdir -p
configure:2633: result: /bin/mkdir -p
configure:2640: checking for gawk
configure:2656: found /usr/bin/gawk
configure:2667: result: gawk
configure:2678: checking whether make sets $(MAKE)
configure:2700: result: yes
configure:2729: checking whether make supports nested variables
configure:2746: result: yes
configure:2841: checking whether make supports nested variables
configure:2858: result: yes
configure:2918: checking for gcc
configure:2934: found /usr/bin/gcc
configure:2945: result: gcc
configure:3174: checking for C compiler version
configure:3183: gcc --version >&5
gcc (Ubuntu 6.3.0-12ubuntu2) 6.3.0 20170406
Copyright (C) 2016 Free Software Foundation, Inc.
This is free software; see the source for copying conditions.  There is NO
warranty; not even for MERCHANTABILITY or FITNESS FOR A PARTICULAR PURPOSE.

configure:3194: $? = 0
configure:3183: gcc -v >&5
Using built-in specs.
COLLECT_GCC=gcc
COLLECT_LTO_WRAPPER=/usr/lib/gcc/x86_64-linux-gnu/6/lto-wrapper
Target: x86_64-linux-gnu
Configured with: ../src/configure -v --with-pkgversion='Ubuntu 6.3.0-12ubuntu2' --with-bugurl=file:///usr/share/doc/gcc-6/README.Bugs --enable-languages=c,ada,c++,java,go,d,fortran,objc,obj-c++ --prefix=/usr --program-suffix=-6 --program-prefix=x86_64-linux-gnu- --enable-shared --enable-linker-build-id --libexecdir=/usr/lib --without-included-gettext --enable-threads=posix --libdir=/usr/lib --enable-nls --with-sysroot=/ --enable-clocale=gnu --enable-libstdcxx-debug --enable-libstdcxx-time=yes --with-default-libstdcxx-abi=new --enable-gnu-unique-object --disable-vtable-verify --enable-libmpx --enable-plugin --enable-default-pie --with-system-zlib --disable-browser-plugin --enable-java-awt=gtk --enable-gtk-cairo --with-java-home=/usr/lib/jvm/java-1.5.0-gcj-6-amd64/jre --enable-java-home --with-jvm-root-dir=/usr/lib/jvm/java-1.5.0-gcj-6-amd64 --with-jvm-jar-dir=/usr/lib/jvm-exports/java-1.5.0-gcj-6-amd64 --with-arch-directory=amd64 --with-ecj-jar=/usr/share/java/eclipse-ecj.jar --with-target-system-zlib --enable-objc-gc=auto --enable-multiarch --disable-werror --with-arch-32=i686 --with-abi=m64 --with-multilib-list=m32,m64,mx32 --enable-multilib --with-tune=generic --enable-checking=release --build=x86_64-linux-gnu --host=x86_64-linux-gnu --target=x86_64-linux-gnu
Thread model: posix
gcc version 6.3.0 20170406 (Ubuntu 6.3.0-12ubuntu2) 
configure:3194: $? = 0
configure:3183: gcc -V >&5
gcc: error: unrecognized command line option '-V'
gcc: fatal error: no input files
compilation terminated.
configure:3194: $? = 1
configure:3183: gcc -qversion >&5
gcc: error: unrecognized command line option '-qversion'; did you mean '--version'?
gcc: fatal error: no input files
compilation terminated.
configure:3194: $? = 1
configure:3214: checking whether the C compiler works
configure:3236: gcc    conftest.c  >&5
configure:3240: $? = 0
configure:3288: result: yes
configure:3291: checking for C compiler default output file name
configure:3293: result: a.out
configure:3299: checking for suffix of executables
configure:3306: gcc -o conftest    conftest.c  >&5
configure:3310: $? = 0
configure:3332: result: 
configure:3354: checking whether we are cross compiling
configure:3362: gcc -o conftest    conftest.c  >&5
configure:3366: $? = 0
configure:3373: ./conftest
configure:3377: $? = 0
configure:3392: result: no
configure:3397: checking for suffix of object files
configure:3419: gcc -c   conftest.c >&5
configure:3423: $? = 0
configure:3444: result: o
configure:3448: checking whether we are using the GNU C compiler
configure:3467: gcc -c   conftest.c >&5
configure:3467: $? = 0
configure:3476: result: yes
configure:3485: checking whether gcc accepts -g
configure:3505: gcc -c -g  conftest.c >&5
configure:3505: $? = 0
configure:3546: result: yes
configure:3563: checking for gcc option to accept ISO C89
configure:3626: gcc  -c -g -O2  conftest.c >&5
configure:3626: $? = 0
configure:3639: result: none needed
configure:3670: checking for style of include used by make
configure:3698: result: GNU
configure:3724: checking dependency style of gcc
configure:3835: result: gcc3
configure:3879: checking build system type
configure:3893: result: x86_64-unknown-linux-gnu
configure:3913: checking host system type
configure:3926: result: x86_64-unknown-linux-gnu
configure:3967: checking how to print strings
configure:3994: result: printf
configure:4015: checking for a sed that does not truncate output
configure:4079: result: /bin/sed
configure:4097: checking for grep that handles long lines and -e
configure:4155: result: /bin/grep
configure:4160: checking for egrep
configure:4222: result: /bin/grep -E
configure:4227: checking for fgrep
configure:4289: result: /bin/grep -F
configure:4324: checking for ld used by gcc
configure:4391: result: /usr/bin/ld
configure:4398: checking if the linker (/usr/bin/ld) is GNU ld
configure:4413: result: yes
configure:4425: checking for BSD- or MS-compatible name lister (nm)
configure:4474: result: /usr/bin/nm -B
configure:4604: checking the name lister (/usr/bin/nm -B) interface
configure:4611: gcc -c -g -O2  conftest.c >&5
configure:4614: /usr/bin/nm -B "conftest.o"
configure:4617: output
0000000000000000 B some_variable
configure:4624: result: BSD nm
configure:4627: checking whether ln -s works
configure:4631: result: yes
configure:4639: checking the maximum length of command line arguments
configure:4769: result: 1572864
configure:4786: checking whether the shell understands some XSI constructs
configure:4796: result: yes
configure:4800: checking whether the shell understands "+="
configure:4806: result: yes
configure:4841: checking how to convert x86_64-unknown-linux-gnu file names to x86_64-unknown-linux-gnu format
configure:4881: result: func_convert_file_noop
configure:4888: checking how to convert x86_64-unknown-linux-gnu file names to toolchain format
configure:4908: result: func_convert_file_noop
configure:4915: checking for /usr/bin/ld option to reload object files
configure:4922: result: -r
configure:4996: checking for objdump
configure:5012: found /usr/bin/objdump
configure:5023: result: objdump
configure:5055: checking how to recognize dependent libraries
configure:5257: result: pass_all
configure:5342: checking for dlltool
configure:5372: result: no
configure:5402: checking how to associate runtime and link libraries
configure:5429: result: printf %s\n
configure:5490: checking for ar
configure:5506: found /usr/bin/ar
configure:5517: result: ar
configure:5554: checking for archiver @FILE support
configure:5571: gcc -c -g -O2  conftest.c >&5
configure:5571: $? = 0
configure:5574: ar cru libconftest.a @conftest.lst >&5
ar: `u' modifier ignored since `D' is the default (see `U')
configure:5577: $? = 0
configure:5582: ar cru libconftest.a @conftest.lst >&5
ar: `u' modifier ignored since `D' is the default (see `U')
ar: conftest.o: No such file or directory
configure:5585: $? = 1
configure:5597: result: @
configure:5655: checking for strip
configure:5671: found /usr/bin/strip
configure:5682: result: strip
configure:5754: checking for ranlib
configure:5770: found /usr/bin/ranlib
configure:5781: result: ranlib
configure:5883: checking command to parse /usr/bin/nm -B output from gcc object
configure:6003: gcc -c -g -O2  conftest.c >&5
configure:6006: $? = 0
configure:6010: /usr/bin/nm -B conftest.o \| sed -n -e 's/^.*[ ]\([ABCDGIRSTW][ABCDGIRSTW]*\)[ ][ ]*\([_A-Za-z][_A-Za-z0-9]*\)$/\1 \2 \2/p' | sed '/ __gnu_lto/d' \> conftest.nm
configure:6013: $? = 0
configure:6079: gcc -o conftest -g -O2   conftest.c conftstm.o >&5
configure:6082: $? = 0
configure:6120: result: ok
configure:6157: checking for sysroot
configure:6187: result: no
configure:6264: gcc -c -g -O2  conftest.c >&5
configure:6267: $? = 0
configure:6443: checking for mt
configure:6459: found /bin/mt
configure:6470: result: mt
configure:6493: checking if mt is a manifest tool
configure:6499: mt '-?'
configure:6507: result: no
configure:7149: checking how to run the C preprocessor
configure:7180: gcc -E  conftest.c
configure:7180: $? = 0
configure:7194: gcc -E  conftest.c
conftest.c:11:28: fatal error: ac_nonexistent.h: No such file or directory
 #include <ac_nonexistent.h>
                            ^
compilation terminated.
configure:7194: $? = 1
configure: failed program was:
| /* confdefs.h */
| #define PACKAGE_NAME "ppcg"
| #define PACKAGE_TARNAME "ppcg"
| #define PACKAGE_VERSION "0.05"
| #define PACKAGE_STRING "ppcg 0.05"
| #define PACKAGE_BUGREPORT "isl@meinersbur.de"
| #define PACKAGE_URL ""
| #define PACKAGE "ppcg"
| #define VERSION "0.05"
| /* end confdefs.h.  */
| #include <ac_nonexistent.h>
configure:7219: result: gcc -E
configure:7239: gcc -E  conftest.c
configure:7239: $? = 0
configure:7253: gcc -E  conftest.c
conftest.c:11:28: fatal error: ac_nonexistent.h: No such file or directory
 #include <ac_nonexistent.h>
                            ^
compilation terminated.
configure:7253: $? = 1
configure: failed program was:
| /* confdefs.h */
| #define PACKAGE_NAME "ppcg"
| #define PACKAGE_TARNAME "ppcg"
| #define PACKAGE_VERSION "0.05"
| #define PACKAGE_STRING "ppcg 0.05"
| #define PACKAGE_BUGREPORT "isl@meinersbur.de"
| #define PACKAGE_URL ""
| #define PACKAGE "ppcg"
| #define VERSION "0.05"
| /* end confdefs.h.  */
| #include <ac_nonexistent.h>
configure:7282: checking for ANSI C header files
configure:7302: gcc -c -g -O2  conftest.c >&5
configure:7302: $? = 0
configure:7375: gcc -o conftest -g -O2   conftest.c  >&5
configure:7375: $? = 0
configure:7375: ./conftest
configure:7375: $? = 0
configure:7386: result: yes
configure:7399: checking for sys/types.h
configure:7399: gcc -c -g -O2  conftest.c >&5
configure:7399: $? = 0
configure:7399: result: yes
configure:7399: checking for sys/stat.h
configure:7399: gcc -c -g -O2  conftest.c >&5
configure:7399: $? = 0
configure:7399: result: yes
configure:7399: checking for stdlib.h
configure:7399: gcc -c -g -O2  conftest.c >&5
configure:7399: $? = 0
configure:7399: result: yes
configure:7399: checking for string.h
configure:7399: gcc -c -g -O2  conftest.c >&5
configure:7399: $? = 0
configure:7399: result: yes
configure:7399: checking for memory.h
configure:7399: gcc -c -g -O2  conftest.c >&5
configure:7399: $? = 0
configure:7399: result: yes
configure:7399: checking for strings.h
configure:7399: gcc -c -g -O2  conftest.c >&5
configure:7399: $? = 0
configure:7399: result: yes
configure:7399: checking for inttypes.h
configure:7399: gcc -c -g -O2  conftest.c >&5
configure:7399: $? = 0
configure:7399: result: yes
configure:7399: checking for stdint.h
configure:7399: gcc -c -g -O2  conftest.c >&5
configure:7399: $? = 0
configure:7399: result: yes
configure:7399: checking for unistd.h
configure:7399: gcc -c -g -O2  conftest.c >&5
configure:7399: $? = 0
configure:7399: result: yes
configure:7413: checking for dlfcn.h
configure:7413: gcc -c -g -O2  conftest.c >&5
configure:7413: $? = 0
configure:7413: result: yes
configure:7619: checking for objdir
configure:7634: result: .libs
configure:7905: checking if gcc supports -fno-rtti -fno-exceptions
configure:7923: gcc -c -g -O2  -fno-rtti -fno-exceptions conftest.c >&5
cc1: warning: command line option '-fno-rtti' is valid for C++/ObjC++ but not for C
configure:7927: $? = 0
configure:7940: result: no
configure:8267: checking for gcc option to produce PIC
configure:8274: result: -fPIC -DPIC
configure:8282: checking if gcc PIC flag -fPIC -DPIC works
configure:8300: gcc -c -g -O2  -fPIC -DPIC -DPIC conftest.c >&5
configure:8304: $? = 0
configure:8317: result: yes
configure:8346: checking if gcc static flag -static works
configure:8374: result: yes
configure:8389: checking if gcc supports -c -o file.o
configure:8410: gcc -c -g -O2  -o out/conftest2.o conftest.c >&5
configure:8414: $? = 0
configure:8436: result: yes
configure:8444: checking if gcc supports -c -o file.o
configure:8491: result: yes
configure:8524: checking whether the gcc linker (/usr/bin/ld -m elf_x86_64) supports shared libraries
configure:9677: result: yes
configure:9714: checking whether -lc should be explicitly linked in
configure:9722: gcc -c -g -O2  conftest.c >&5
configure:9725: $? = 0
configure:9740: gcc -shared  -fPIC -DPIC conftest.o  -v -Wl,-soname -Wl,conftest -o conftest 2\>\&1 \| /bin/grep  -lc  \>/dev/null 2\>\&1
configure:9743: $? = 0
configure:9757: result: no
configure:9917: checking dynamic linker characteristics
configure:10428: gcc -o conftest -g -O2   -Wl,-rpath -Wl,/foo conftest.c  >&5
configure:10428: $? = 0
configure:10654: result: GNU/Linux ld.so
configure:10761: checking how to hardcode library paths into programs
configure:10786: result: immediate
configure:11326: checking whether stripping libraries is possible
configure:11331: result: yes
configure:11366: checking if libtool supports shared libraries
configure:11368: result: yes
configure:11371: checking whether to build shared libraries
configure:11392: result: yes
configure:11395: checking whether to build static libraries
configure:11399: result: yes
configure:11490: checking for pkg-config
configure:11508: found /usr/local/bin/pkg-config
configure:11520: result: /usr/local/bin/pkg-config
configure:11545: checking pkg-config is at least version 0.9.0
configure:11548: result: yes
configure:11560: checking for OpenMP support by gcc
configure:11570: checking CL/opencl.h usability
configure:11570: gcc -c -g -O2  conftest.c >&5
configure:11570: $? = 0
configure:11570: result: yes
configure:11570: checking CL/opencl.h presence
configure:11570: gcc -E  conftest.c
configure:11570: $? = 0
configure:11570: result: yes
configure:11570: checking for CL/opencl.h
configure:11570: result: yes
configure:11573: checking for clGetPlatformIDs in -lOpenCL
configure:11598: gcc -o conftest -g -O2   conftest.c -lOpenCL   >&5
configure:11598: $? = 0
configure:11607: result: yes
configure:11720: checking which isl to use
configure:11722: result: bundled
configure:11933: checking which pet to use
configure:11935: result: bundled
configure:12260: checking that generated files are newer than configure
configure:12266: result: done
configure:12297: creating ./config.status

## ---------------------- ##
## Running config.status. ##
## ---------------------- ##

This file was extended by ppcg config.status 0.05, which was
generated by GNU Autoconf 2.69.  Invocation command line was

  CONFIG_FILES    = 
  CONFIG_HEADERS  = 
  CONFIG_LINKS    = 
  CONFIG_COMMANDS = 
  $ ./config.status 

on jie-zhao

config.status:1025: creating Makefile
config.status:1025: creating polybench_test.sh
config.status:1025: creating opencl_test.sh
config.status:1197: executing depfiles commands
config.status:1197: executing libtool commands
configure:14407: === configuring in isl (/home/jie/Documents/ppcg-dcl/isl)
configure:14470: running /bin/bash ./configure --disable-option-checking '--prefix=/usr/local'  '--with-isl-builddir=../isl' '--with-isl=build' '--with-clang=system' --cache-file=/dev/null --srcdir=.
configure:14407: === configuring in pet (/home/jie/Documents/ppcg-dcl/pet)
configure:14470: running /bin/bash ./configure --disable-option-checking '--prefix=/usr/local'  '--with-isl-builddir=../isl' '--with-isl=build' '--with-clang=system' --cache-file=/dev/null --srcdir=.

## ---------------- ##
## Cache variables. ##
## ---------------- ##

ac_cv_build=x86_64-unknown-linux-gnu
ac_cv_c_compiler_gnu=yes
ac_cv_env_CC_set=
ac_cv_env_CC_value=
ac_cv_env_CFLAGS_set=
ac_cv_env_CFLAGS_value=
ac_cv_env_CPPFLAGS_set=
ac_cv_env_CPPFLAGS_value=
ac_cv_env_CPP_set=
ac_cv_env_CPP_value=
ac_cv_env_ISL_CFLAGS_set=
ac_cv_env_ISL_CFLAGS_value=
ac_cv_env_ISL_LIBS_set=
ac_cv_env_ISL_LIBS_value=
ac_cv_env_LDFLAGS_set=
ac_cv_env_LDFLAGS_value=
ac_cv_env_LIBS_set=
ac_cv_env_LIBS_value=
ac_cv_env_PET_CFLAGS_set=
ac_cv_env_PET_CFLAGS_value=
ac_cv_env_PET_LIBS_set=
ac_cv_env_PET_LIBS_value=
ac_cv_env_PKG_CONFIG_LIBDIR_set=
ac_cv_env_PKG_CONFIG_LIBDIR_value=
ac_cv_env_PKG_CONFIG_PATH_set=
ac_cv_env_PKG_CONFIG_PATH_value=
ac_cv_env_PKG_CONFIG_set=
ac_cv_env_PKG_CONFIG_value=
ac_cv_env_build_alias_set=
ac_cv_env_build_alias_value=
ac_cv_env_host_alias_set=
ac_cv_env_host_alias_value=
ac_cv_env_target_alias_set=
ac_cv_env_target_alias_value=
ac_cv_header_CL_opencl_h=yes
ac_cv_header_dlfcn_h=yes
ac_cv_header_inttypes_h=yes
ac_cv_header_memory_h=yes
ac_cv_header_stdc=yes
ac_cv_header_stdint_h=yes
ac_cv_header_stdlib_h=yes
ac_cv_header_string_h=yes
ac_cv_header_strings_h=yes
ac_cv_header_sys_stat_h=yes
ac_cv_header_sys_types_h=yes
ac_cv_header_unistd_h=yes
ac_cv_host=x86_64-unknown-linux-gnu
ac_cv_lib_OpenCL_clGetPlatformIDs=yes
ac_cv_objext=o
ac_cv_path_EGREP='/bin/grep -E'
ac_cv_path_FGREP='/bin/grep -F'
ac_cv_path_GREP=/bin/grep
ac_cv_path_SED=/bin/sed
ac_cv_path_ac_pt_PKG_CONFIG=/usr/local/bin/pkg-config
ac_cv_path_install='/usr/bin/install -c'
ac_cv_path_mkdir=/bin/mkdir
ac_cv_prog_AWK=gawk
ac_cv_prog_CPP='gcc -E'
ac_cv_prog_ac_ct_AR=ar
ac_cv_prog_ac_ct_CC=gcc
ac_cv_prog_ac_ct_MANIFEST_TOOL=mt
ac_cv_prog_ac_ct_OBJDUMP=objdump
ac_cv_prog_ac_ct_RANLIB=ranlib
ac_cv_prog_ac_ct_STRIP=strip
ac_cv_prog_cc_c89=
ac_cv_prog_cc_g=yes
ac_cv_prog_make_make_set=yes
am_cv_CC_dependencies_compiler_type=gcc3
am_cv_make_support_nested_variables=yes
lt_cv_ar_at_file=@
lt_cv_archive_cmds_need_lc=no
lt_cv_deplibs_check_method=pass_all
lt_cv_file_magic_cmd='$MAGIC_CMD'
lt_cv_file_magic_test_file=
lt_cv_ld_reload_flag=-r
lt_cv_nm_interface='BSD nm'
lt_cv_objdir=.libs
lt_cv_path_LD=/usr/bin/ld
lt_cv_path_NM='/usr/bin/nm -B'
lt_cv_path_mainfest_tool=no
lt_cv_prog_compiler_c_o=yes
lt_cv_prog_compiler_pic='-fPIC -DPIC'
lt_cv_prog_compiler_pic_works=yes
lt_cv_prog_compiler_rtti_exceptions=no
lt_cv_prog_compiler_static_works=yes
lt_cv_prog_gnu_ld=yes
lt_cv_sharedlib_from_linklib_cmd='printf %s\n'
lt_cv_shlibpath_overrides_runpath=yes
lt_cv_sys_global_symbol_pipe='sed -n -e '\''s/^.*[	 ]\([ABCDGIRSTW][ABCDGIRSTW]*\)[	 ][	 ]*\([_A-Za-z][_A-Za-z0-9]*\)$/\1 \2 \2/p'\'' | sed '\''/ __gnu_lto/d'\'''
lt_cv_sys_global_symbol_to_c_name_address='sed -n -e '\''s/^: \([^ ]*\)[ ]*$/  {\"\1\", (void *) 0},/p'\'' -e '\''s/^[ABCDGIRSTW]* \([^ ]*\) \([^ ]*\)$/  {"\2", (void *) \&\2},/p'\'''
lt_cv_sys_global_symbol_to_c_name_address_lib_prefix='sed -n -e '\''s/^: \([^ ]*\)[ ]*$/  {\"\1\", (void *) 0},/p'\'' -e '\''s/^[ABCDGIRSTW]* \([^ ]*\) \(lib[^ ]*\)$/  {"\2", (void *) \&\2},/p'\'' -e '\''s/^[ABCDGIRSTW]* \([^ ]*\) \([^ ]*\)$/  {"lib\2", (void *) \&\2},/p'\'''
lt_cv_sys_global_symbol_to_cdecl='sed -n -e '\''s/^T .* \(.*\)$/extern int \1();/p'\'' -e '\''s/^[ABCDGIRSTW]* .* \(.*\)$/extern char \1;/p'\'''
lt_cv_sys_max_cmd_len=1572864
lt_cv_to_host_file_cmd=func_convert_file_noop
lt_cv_to_tool_file_cmd=func_convert_file_noop

## ----------------- ##
## Output variables. ##
## ----------------- ##

ACLOCAL='${SHELL} /home/jie/Documents/ppcg-dcl/missing aclocal-1.13'
AMDEPBACKSLASH='\'
AMDEP_FALSE='#'
AMDEP_TRUE=''
AMTAR='$${TAR-tar}'
AM_BACKSLASH='\'
AM_DEFAULT_V='$(AM_DEFAULT_VERBOSITY)'
AM_DEFAULT_VERBOSITY='0'
AM_V='$(V)'
AR='ar'
AUTOCONF='${SHELL} /home/jie/Documents/ppcg-dcl/missing autoconf'
AUTOHEADER='${SHELL} /home/jie/Documents/ppcg-dcl/missing autoheader'
AUTOMAKE='${SHELL} /home/jie/Documents/ppcg-dcl/missing automake-1.13'
AWK='gawk'
BUNDLED_ISL_FALSE='#'
BUNDLED_ISL_TRUE=''
BUNDLED_PET_FALSE='#'
BUNDLED_PET_TRUE=''
CC='gcc'
CCDEPMODE='depmode=gcc3'
CFLAGS='-g -O2'
CPP='gcc -E'
CPPFLAGS=''
CYGPATH_W='echo'
DEFS='-DPACKAGE_NAME=\"ppcg\" -DPACKAGE_TARNAME=\"ppcg\" -DPACKAGE_VERSION=\"0.05\" -DPACKAGE_STRING=\"ppcg\ 0.05\" -DPACKAGE_BUGREPORT=\"isl@meinersbur.de\" -DPACKAGE_URL=\"\" -DPACKAGE=\"ppcg\" -DVERSION=\"0.05\" -DSTDC_HEADERS=1 -DHAVE_SYS_TYPES_H=1 -DHAVE_SYS_STAT_H=1 -DHAVE_STDLIB_H=1 -DHAVE_STRING_H=1 -DHAVE_MEMORY_H=1 -DHAVE_STRINGS_H=1 -DHAVE_INTTYPES_H=1 -DHAVE_STDINT_H=1 -DHAVE_UNISTD_H=1 -DHAVE_DLFCN_H=1 -DLT_OBJDIR=\".libs/\"'
DEPDIR='.deps'
DLLTOOL='false'
DSYMUTIL=''
DUMPBIN=''
ECHO_C=''
ECHO_N='-n'
ECHO_T=''
EGREP='/bin/grep -E'
EXEEXT=''
FGREP='/bin/grep -F'
GIT_HEAD=''
GIT_HEAD_ID='UNKNOWN'
GIT_HEAD_VERSION='UNKNOWN'
GREP='/bin/grep'
HAVE_OPENCL='yes'
HAVE_OPENMP='yes'
INSTALL_DATA='${INSTALL} -m 644'
INSTALL_PROGRAM='${INSTALL}'
INSTALL_SCRIPT='${INSTALL}'
INSTALL_STRIP_PROGRAM='$(install_sh) -c -s'
ISL_CFLAGS='-I$(top_srcdir)/isl/include -I$(top_builddir)/isl/include'
ISL_LIBS=''
LD='/usr/bin/ld -m elf_x86_64'
LDFLAGS=''
LIBOBJS=''
LIBS=''
LIBTOOL='$(SHELL) $(top_builddir)/libtool'
LIPO=''
LN_S='ln -s'
LTLIBOBJS=''
MAKEINFO='${SHELL} /home/jie/Documents/ppcg-dcl/missing makeinfo'
MANIFEST_TOOL=':'
MKDIR_P='/bin/mkdir -p'
NM='/usr/bin/nm -B'
NMEDIT=''
OBJDUMP='objdump'
OBJEXT='o'
OTOOL64=''
OTOOL=''
PACKAGE='ppcg'
PACKAGE_BUGREPORT='isl@meinersbur.de'
PACKAGE_NAME='ppcg'
PACKAGE_STRING='ppcg 0.05'
PACKAGE_TARNAME='ppcg'
PACKAGE_URL=''
PACKAGE_VERSION='0.05'
PATH_SEPARATOR=':'
PET_CFLAGS=' -I$(top_srcdir)/pet/include'
PET_LIBS=''
PKG_CONFIG='/usr/local/bin/pkg-config'
PKG_CONFIG_LIBDIR=''
PKG_CONFIG_PATH=''
POLYBENCH_DIR=''
RANLIB='ranlib'
SED='/bin/sed'
SET_MAKE=''
SHELL='/bin/bash'
STRIP='strip'
VERSION='0.05'
abs_builddir='/home/jie/Documents/ppcg-dcl'
abs_srcdir='/home/jie/Documents/ppcg-dcl'
ac_ct_AR='ar'
ac_ct_CC='gcc'
ac_ct_DUMPBIN=''
am__EXEEXT_FALSE=''
am__EXEEXT_TRUE='#'
am__fastdepCC_FALSE='#'
am__fastdepCC_TRUE=''
am__include='include'
am__isrc=''
am__leading_dot='.'
am__nodep='_no'
am__quote=''
am__tar='$${TAR-tar} chof - "$$tardir"'
am__untar='$${TAR-tar} xf -'
bindir='${exec_prefix}/bin'
build='x86_64-unknown-linux-gnu'
build_alias=''
build_cpu='x86_64'
build_os='linux-gnu'
build_vendor='unknown'
datadir='${datarootdir}'
datarootdir='${prefix}/share'
docdir='${datarootdir}/doc/${PACKAGE_TARNAME}'
dvidir='${docdir}'
exec_prefix='${prefix}'
extra_tests=' opencl_test.sh'
host='x86_64-unknown-linux-gnu'
host_alias=''
host_cpu='x86_64'
host_os='linux-gnu'
host_vendor='unknown'
htmldir='${docdir}'
includedir='${prefix}/include'
infodir='${datarootdir}/info'
install_sh='${SHELL} /home/jie/Documents/ppcg-dcl/install-sh'
libdir='${exec_prefix}/lib'
libexecdir='${exec_prefix}/libexec'
localedir='${datarootdir}/locale'
localstatedir='${prefix}/var'
mandir='${datarootdir}/man'
mkdir_p='$(MKDIR_P)'
oldincludedir='/usr/include'
pdfdir='${docdir}'
prefix='/usr/local'
program_transform_name='s,x,x,'
psdir='${docdir}'
sbindir='${exec_prefix}/sbin'
sharedstatedir='${prefix}/com'
subdirs=' isl pet'
sysconfdir='${prefix}/etc'
target_alias=''

## ----------- ##
## confdefs.h. ##
## ----------- ##

/* confdefs.h */
#define PACKAGE_NAME "ppcg"
#define PACKAGE_TARNAME "ppcg"
#define PACKAGE_VERSION "0.05"
#define PACKAGE_STRING "ppcg 0.05"
#define PACKAGE_BUGREPORT "isl@meinersbur.de"
#define PACKAGE_URL ""
#define PACKAGE "ppcg"
#define VERSION "0.05"
#define STDC_HEADERS 1
#define HAVE_SYS_TYPES_H 1
#define HAVE_SYS_STAT_H 1
#define HAVE_STDLIB_H 1
#define HAVE_STRING_H 1
#define HAVE_MEMORY_H 1
#define HAVE_STRINGS_H 1
#define HAVE_INTTYPES_H 1
#define HAVE_STDINT_H 1
#define HAVE_UNISTD_H 1
#define HAVE_DLFCN_H 1
#define LT_OBJDIR ".libs/"

configure: exit 0
