This file contains any messages produced by compilers while
running configure, to aid debugging if configure makes a mistake.

It was created by pet configure 0.08, which was
generated by GNU Autoconf 2.69.  Invocation command line was

  $ ./configure --disable-option-checking --prefix=/usr/local --with-isl-builddir=../isl --with-isl=build --with-clang=system --cache-file=/dev/null --srcdir=.

## --------- ##
## Platform. ##
## --------- ##

hostname = jie-zhao
uname -m = x86_64
uname -r = 4.10.0-20-generic
uname -s = Linux
uname -v = #22-Ubuntu SMP Thu Apr 20 09:22:42 UTC 2017

/usr/bin/uname -p = unknown
/bin/uname -X     = unknown

/bin/arch              = unknown
/usr/bin/arch -k       = unknown
/usr/convex/getsysinfo = unknown
/usr/bin/hostinfo      = unknown
/bin/machine           = unknown
/usr/bin/oslevel       = unknown
/bin/universe          = unknown

PATH: /usr/local/sbin
PATH: /usr/local/bin
PATH: /usr/sbin
PATH: /usr/bin
PATH: /sbin
PATH: /bin
PATH: /usr/games
PATH: /usr/local/games
PATH: /snap/bin


## ----------- ##
## Core tests. ##
## ----------- ##

configure:2578: checking for a BSD-compatible install
configure:2646: result: /usr/bin/install -c
configure:2657: checking whether build environment is sane
configure:2712: result: yes
configure:2863: checking for a thread-safe mkdir -p
configure:2902: result: /bin/mkdir -p
configure:2909: checking for gawk
configure:2925: found /usr/bin/gawk
configure:2936: result: gawk
configure:2947: checking whether make sets $(MAKE)
configure:2969: result: yes
configure:2998: checking whether make supports nested variables
configure:3015: result: yes
configure:3100: checking whether to enable maintainer-specific portions of Makefiles
configure:3109: result: yes
configure:3133: checking whether make supports nested variables
configure:3150: result: yes
configure:3212: checking for gcc
configure:3228: found /usr/bin/gcc
configure:3239: result: gcc
configure:3468: checking for C compiler version
configure:3477: gcc --version >&5
gcc (Ubuntu 6.3.0-12ubuntu2) 6.3.0 20170406
Copyright (C) 2016 Free Software Foundation, Inc.
This is free software; see the source for copying conditions.  There is NO
warranty; not even for MERCHANTABILITY or FITNESS FOR A PARTICULAR PURPOSE.

configure:3488: $? = 0
configure:3477: gcc -v >&5
Using built-in specs.
COLLECT_GCC=gcc
COLLECT_LTO_WRAPPER=/usr/lib/gcc/x86_64-linux-gnu/6/lto-wrapper
Target: x86_64-linux-gnu
Configured with: ../src/configure -v --with-pkgversion='Ubuntu 6.3.0-12ubuntu2' --with-bugurl=file:///usr/share/doc/gcc-6/README.Bugs --enable-languages=c,ada,c++,java,go,d,fortran,objc,obj-c++ --prefix=/usr --program-suffix=-6 --program-prefix=x86_64-linux-gnu- --enable-shared --enable-linker-build-id --libexecdir=/usr/lib --without-included-gettext --enable-threads=posix --libdir=/usr/lib --enable-nls --with-sysroot=/ --enable-clocale=gnu --enable-libstdcxx-debug --enable-libstdcxx-time=yes --with-default-libstdcxx-abi=new --enable-gnu-unique-object --disable-vtable-verify --enable-libmpx --enable-plugin --enable-default-pie --with-system-zlib --disable-browser-plugin --enable-java-awt=gtk --enable-gtk-cairo --with-java-home=/usr/lib/jvm/java-1.5.0-gcj-6-amd64/jre --enable-java-home --with-jvm-root-dir=/usr/lib/jvm/java-1.5.0-gcj-6-amd64 --with-jvm-jar-dir=/usr/lib/jvm-exports/java-1.5.0-gcj-6-amd64 --with-arch-directory=amd64 --with-ecj-jar=/usr/share/java/eclipse-ecj.jar --with-target-system-zlib --enable-objc-gc=auto --enable-multiarch --disable-werror --with-arch-32=i686 --with-abi=m64 --with-multilib-list=m32,m64,mx32 --enable-multilib --with-tune=generic --enable-checking=release --build=x86_64-linux-gnu --host=x86_64-linux-gnu --target=x86_64-linux-gnu
Thread model: posix
gcc version 6.3.0 20170406 (Ubuntu 6.3.0-12ubuntu2) 
configure:3488: $? = 0
configure:3477: gcc -V >&5
gcc: error: unrecognized command line option '-V'
gcc: fatal error: no input files
compilation terminated.
configure:3488: $? = 1
configure:3477: gcc -qversion >&5
gcc: error: unrecognized command line option '-qversion'; did you mean '--version'?
gcc: fatal error: no input files
compilation terminated.
configure:3488: $? = 1
configure:3508: checking whether the C compiler works
configure:3530: gcc    conftest.c  >&5
configure:3534: $? = 0
configure:3582: result: yes
configure:3585: checking for C compiler default output file name
configure:3587: result: a.out
configure:3593: checking for suffix of executables
configure:3600: gcc -o conftest    conftest.c  >&5
configure:3604: $? = 0
configure:3626: result: 
configure:3648: checking whether we are cross compiling
configure:3656: gcc -o conftest    conftest.c  >&5
configure:3660: $? = 0
configure:3667: ./conftest
configure:3671: $? = 0
configure:3686: result: no
configure:3691: checking for suffix of object files
configure:3713: gcc -c   conftest.c >&5
configure:3717: $? = 0
configure:3738: result: o
configure:3742: checking whether we are using the GNU C compiler
configure:3761: gcc -c   conftest.c >&5
configure:3761: $? = 0
configure:3770: result: yes
configure:3779: checking whether gcc accepts -g
configure:3799: gcc -c -g  conftest.c >&5
configure:3799: $? = 0
configure:3840: result: yes
configure:3857: checking for gcc option to accept ISO C89
configure:3920: gcc  -c -g -O2  conftest.c >&5
configure:3920: $? = 0
configure:3933: result: none needed
configure:3964: checking for style of include used by make
configure:3992: result: GNU
configure:4018: checking dependency style of gcc
configure:4129: result: gcc3
configure:4202: checking for g++
configure:4218: found /usr/bin/g++
configure:4229: result: g++
configure:4256: checking for C++ compiler version
configure:4265: g++ --version >&5
g++ (Ubuntu 6.3.0-12ubuntu2) 6.3.0 20170406
Copyright (C) 2016 Free Software Foundation, Inc.
This is free software; see the source for copying conditions.  There is NO
warranty; not even for MERCHANTABILITY or FITNESS FOR A PARTICULAR PURPOSE.

configure:4276: $? = 0
configure:4265: g++ -v >&5
Using built-in specs.
COLLECT_GCC=g++
COLLECT_LTO_WRAPPER=/usr/lib/gcc/x86_64-linux-gnu/6/lto-wrapper
Target: x86_64-linux-gnu
Configured with: ../src/configure -v --with-pkgversion='Ubuntu 6.3.0-12ubuntu2' --with-bugurl=file:///usr/share/doc/gcc-6/README.Bugs --enable-languages=c,ada,c++,java,go,d,fortran,objc,obj-c++ --prefix=/usr --program-suffix=-6 --program-prefix=x86_64-linux-gnu- --enable-shared --enable-linker-build-id --libexecdir=/usr/lib --without-included-gettext --enable-threads=posix --libdir=/usr/lib --enable-nls --with-sysroot=/ --enable-clocale=gnu --enable-libstdcxx-debug --enable-libstdcxx-time=yes --with-default-libstdcxx-abi=new --enable-gnu-unique-object --disable-vtable-verify --enable-libmpx --enable-plugin --enable-default-pie --with-system-zlib --disable-browser-plugin --enable-java-awt=gtk --enable-gtk-cairo --with-java-home=/usr/lib/jvm/java-1.5.0-gcj-6-amd64/jre --enable-java-home --with-jvm-root-dir=/usr/lib/jvm/java-1.5.0-gcj-6-amd64 --with-jvm-jar-dir=/usr/lib/jvm-exports/java-1.5.0-gcj-6-amd64 --with-arch-directory=amd64 --with-ecj-jar=/usr/share/java/eclipse-ecj.jar --with-target-system-zlib --enable-objc-gc=auto --enable-multiarch --disable-werror --with-arch-32=i686 --with-abi=m64 --with-multilib-list=m32,m64,mx32 --enable-multilib --with-tune=generic --enable-checking=release --build=x86_64-linux-gnu --host=x86_64-linux-gnu --target=x86_64-linux-gnu
Thread model: posix
gcc version 6.3.0 20170406 (Ubuntu 6.3.0-12ubuntu2) 
configure:4276: $? = 0
configure:4265: g++ -V >&5
g++: error: unrecognized command line option '-V'
g++: fatal error: no input files
compilation terminated.
configure:4276: $? = 1
configure:4265: g++ -qversion >&5
g++: error: unrecognized command line option '-qversion'; did you mean '--version'?
g++: fatal error: no input files
compilation terminated.
configure:4276: $? = 1
configure:4280: checking whether we are using the GNU C++ compiler
configure:4299: g++ -c   conftest.cpp >&5
configure:4299: $? = 0
configure:4308: result: yes
configure:4317: checking whether g++ accepts -g
configure:4337: g++ -c -g  conftest.cpp >&5
configure:4337: $? = 0
configure:4378: result: yes
configure:4403: checking dependency style of g++
configure:4514: result: gcc3
configure:4529: checking for grep that handles long lines and -e
configure:4587: result: /bin/grep
configure:4621: checking build system type
configure:4635: result: x86_64-unknown-linux-gnu
configure:4655: checking host system type
configure:4668: result: x86_64-unknown-linux-gnu
configure:4709: checking how to print strings
configure:4736: result: printf
configure:4757: checking for a sed that does not truncate output
configure:4821: result: /bin/sed
configure:4839: checking for egrep
configure:4901: result: /bin/grep -E
configure:4906: checking for fgrep
configure:4968: result: /bin/grep -F
configure:5003: checking for ld used by gcc
configure:5070: result: /usr/bin/ld
configure:5077: checking if the linker (/usr/bin/ld) is GNU ld
configure:5092: result: yes
configure:5104: checking for BSD- or MS-compatible name lister (nm)
configure:5153: result: /usr/bin/nm -B
configure:5283: checking the name lister (/usr/bin/nm -B) interface
configure:5290: gcc -c -g -O2  conftest.c >&5
configure:5293: /usr/bin/nm -B "conftest.o"
configure:5296: output
0000000000000000 B some_variable
configure:5303: result: BSD nm
configure:5306: checking whether ln -s works
configure:5310: result: yes
configure:5318: checking the maximum length of command line arguments
configure:5448: result: 1572864
configure:5465: checking whether the shell understands some XSI constructs
configure:5475: result: yes
configure:5479: checking whether the shell understands "+="
configure:5485: result: yes
configure:5520: checking how to convert x86_64-unknown-linux-gnu file names to x86_64-unknown-linux-gnu format
configure:5560: result: func_convert_file_noop
configure:5567: checking how to convert x86_64-unknown-linux-gnu file names to toolchain format
configure:5587: result: func_convert_file_noop
configure:5594: checking for /usr/bin/ld option to reload object files
configure:5601: result: -r
configure:5675: checking for objdump
configure:5691: found /usr/bin/objdump
configure:5702: result: objdump
configure:5734: checking how to recognize dependent libraries
configure:5936: result: pass_all
configure:6021: checking for dlltool
configure:6051: result: no
configure:6081: checking how to associate runtime and link libraries
configure:6108: result: printf %s\n
configure:6169: checking for ar
configure:6185: found /usr/bin/ar
configure:6196: result: ar
configure:6233: checking for archiver @FILE support
configure:6250: gcc -c -g -O2  conftest.c >&5
configure:6250: $? = 0
configure:6253: ar cru libconftest.a @conftest.lst >&5
ar: `u' modifier ignored since `D' is the default (see `U')
configure:6256: $? = 0
configure:6261: ar cru libconftest.a @conftest.lst >&5
ar: `u' modifier ignored since `D' is the default (see `U')
ar: conftest.o: No such file or directory
configure:6264: $? = 1
configure:6276: result: @
configure:6334: checking for strip
configure:6350: found /usr/bin/strip
configure:6361: result: strip
configure:6433: checking for ranlib
configure:6449: found /usr/bin/ranlib
configure:6460: result: ranlib
configure:6562: checking command to parse /usr/bin/nm -B output from gcc object
configure:6682: gcc -c -g -O2  conftest.c >&5
configure:6685: $? = 0
configure:6689: /usr/bin/nm -B conftest.o \| sed -n -e 's/^.*[ ]\([ABCDGIRSTW][ABCDGIRSTW]*\)[ ][ ]*\([_A-Za-z][_A-Za-z0-9]*\)$/\1 \2 \2/p' | sed '/ __gnu_lto/d' \> conftest.nm
configure:6692: $? = 0
configure:6758: gcc -o conftest -g -O2   conftest.c conftstm.o >&5
configure:6761: $? = 0
configure:6799: result: ok
configure:6836: checking for sysroot
configure:6866: result: no
configure:6943: gcc -c -g -O2  conftest.c >&5
configure:6946: $? = 0
configure:7122: checking for mt
configure:7138: found /bin/mt
configure:7149: result: mt
configure:7172: checking if mt is a manifest tool
configure:7178: mt '-?'
configure:7186: result: no
configure:7828: checking how to run the C preprocessor
configure:7859: gcc -E  conftest.c
configure:7859: $? = 0
configure:7873: gcc -E  conftest.c
conftest.c:11:28: fatal error: ac_nonexistent.h: No such file or directory
 #include <ac_nonexistent.h>
                            ^
compilation terminated.
configure:7873: $? = 1
configure: failed program was:
| /* confdefs.h */
| #define PACKAGE_NAME "pet"
| #define PACKAGE_TARNAME "pet"
| #define PACKAGE_VERSION "0.08"
| #define PACKAGE_STRING "pet 0.08"
| #define PACKAGE_BUGREPORT "pet@meinersbur.de"
| #define PACKAGE_URL ""
| #define PACKAGE "pet"
| #define VERSION "0.08"
| /* end confdefs.h.  */
| #include <ac_nonexistent.h>
configure:7898: result: gcc -E
configure:7918: gcc -E  conftest.c
configure:7918: $? = 0
configure:7932: gcc -E  conftest.c
conftest.c:11:28: fatal error: ac_nonexistent.h: No such file or directory
 #include <ac_nonexistent.h>
                            ^
compilation terminated.
configure:7932: $? = 1
configure: failed program was:
| /* confdefs.h */
| #define PACKAGE_NAME "pet"
| #define PACKAGE_TARNAME "pet"
| #define PACKAGE_VERSION "0.08"
| #define PACKAGE_STRING "pet 0.08"
| #define PACKAGE_BUGREPORT "pet@meinersbur.de"
| #define PACKAGE_URL ""
| #define PACKAGE "pet"
| #define VERSION "0.08"
| /* end confdefs.h.  */
| #include <ac_nonexistent.h>
configure:7961: checking for ANSI C header files
configure:7981: gcc -c -g -O2  conftest.c >&5
configure:7981: $? = 0
configure:8054: gcc -o conftest -g -O2   conftest.c  >&5
configure:8054: $? = 0
configure:8054: ./conftest
configure:8054: $? = 0
configure:8065: result: yes
configure:8078: checking for sys/types.h
configure:8078: gcc -c -g -O2  conftest.c >&5
configure:8078: $? = 0
configure:8078: result: yes
configure:8078: checking for sys/stat.h
configure:8078: gcc -c -g -O2  conftest.c >&5
configure:8078: $? = 0
configure:8078: result: yes
configure:8078: checking for stdlib.h
configure:8078: gcc -c -g -O2  conftest.c >&5
configure:8078: $? = 0
configure:8078: result: yes
configure:8078: checking for string.h
configure:8078: gcc -c -g -O2  conftest.c >&5
configure:8078: $? = 0
configure:8078: result: yes
configure:8078: checking for memory.h
configure:8078: gcc -c -g -O2  conftest.c >&5
configure:8078: $? = 0
configure:8078: result: yes
configure:8078: checking for strings.h
configure:8078: gcc -c -g -O2  conftest.c >&5
configure:8078: $? = 0
configure:8078: result: yes
configure:8078: checking for inttypes.h
configure:8078: gcc -c -g -O2  conftest.c >&5
configure:8078: $? = 0
configure:8078: result: yes
configure:8078: checking for stdint.h
configure:8078: gcc -c -g -O2  conftest.c >&5
configure:8078: $? = 0
configure:8078: result: yes
configure:8078: checking for unistd.h
configure:8078: gcc -c -g -O2  conftest.c >&5
configure:8078: $? = 0
configure:8078: result: yes
configure:8092: checking for dlfcn.h
configure:8092: gcc -c -g -O2  conftest.c >&5
configure:8092: $? = 0
configure:8092: result: yes
configure:8309: checking for objdir
configure:8324: result: .libs
configure:8595: checking if gcc supports -fno-rtti -fno-exceptions
configure:8613: gcc -c -g -O2  -fno-rtti -fno-exceptions conftest.c >&5
cc1: warning: command line option '-fno-rtti' is valid for C++/ObjC++ but not for C
configure:8617: $? = 0
configure:8630: result: no
configure:8957: checking for gcc option to produce PIC
configure:8964: result: -fPIC -DPIC
configure:8972: checking if gcc PIC flag -fPIC -DPIC works
configure:8990: gcc -c -g -O2  -fPIC -DPIC -DPIC conftest.c >&5
configure:8994: $? = 0
configure:9007: result: yes
configure:9036: checking if gcc static flag -static works
configure:9064: result: yes
configure:9079: checking if gcc supports -c -o file.o
configure:9100: gcc -c -g -O2  -o out/conftest2.o conftest.c >&5
configure:9104: $? = 0
configure:9126: result: yes
configure:9134: checking if gcc supports -c -o file.o
configure:9181: result: yes
configure:9214: checking whether the gcc linker (/usr/bin/ld -m elf_x86_64) supports shared libraries
configure:10367: result: yes
configure:10404: checking whether -lc should be explicitly linked in
configure:10412: gcc -c -g -O2  conftest.c >&5
configure:10415: $? = 0
configure:10430: gcc -shared  -fPIC -DPIC conftest.o  -v -Wl,-soname -Wl,conftest -o conftest 2\>\&1 \| /bin/grep  -lc  \>/dev/null 2\>\&1
configure:10433: $? = 0
configure:10447: result: no
configure:10607: checking dynamic linker characteristics
configure:11118: gcc -o conftest -g -O2   -Wl,-rpath -Wl,/foo conftest.c  >&5
configure:11118: $? = 0
configure:11344: result: GNU/Linux ld.so
configure:11451: checking how to hardcode library paths into programs
configure:11476: result: immediate
configure:12016: checking whether stripping libraries is possible
configure:12021: result: yes
configure:12056: checking if libtool supports shared libraries
configure:12058: result: yes
configure:12061: checking whether to build shared libraries
configure:12082: result: yes
configure:12085: checking whether to build static libraries
configure:12089: result: yes
configure:12112: checking how to run the C++ preprocessor
configure:12139: g++ -E  conftest.cpp
configure:12139: $? = 0
configure:12153: g++ -E  conftest.cpp
conftest.cpp:23:28: fatal error: ac_nonexistent.h: No such file or directory
 #include <ac_nonexistent.h>
                            ^
compilation terminated.
configure:12153: $? = 1
configure: failed program was:
| /* confdefs.h */
| #define PACKAGE_NAME "pet"
| #define PACKAGE_TARNAME "pet"
| #define PACKAGE_VERSION "0.08"
| #define PACKAGE_STRING "pet 0.08"
| #define PACKAGE_BUGREPORT "pet@meinersbur.de"
| #define PACKAGE_URL ""
| #define PACKAGE "pet"
| #define VERSION "0.08"
| #define STDC_HEADERS 1
| #define HAVE_SYS_TYPES_H 1
| #define HAVE_SYS_STAT_H 1
| #define HAVE_STDLIB_H 1
| #define HAVE_STRING_H 1
| #define HAVE_MEMORY_H 1
| #define HAVE_STRINGS_H 1
| #define HAVE_INTTYPES_H 1
| #define HAVE_STDINT_H 1
| #define HAVE_UNISTD_H 1
| #define HAVE_DLFCN_H 1
| #define LT_OBJDIR ".libs/"
| /* end confdefs.h.  */
| #include <ac_nonexistent.h>
configure:12178: result: g++ -E
configure:12198: g++ -E  conftest.cpp
configure:12198: $? = 0
configure:12212: g++ -E  conftest.cpp
conftest.cpp:23:28: fatal error: ac_nonexistent.h: No such file or directory
 #include <ac_nonexistent.h>
                            ^
compilation terminated.
configure:12212: $? = 1
configure: failed program was:
| /* confdefs.h */
| #define PACKAGE_NAME "pet"
| #define PACKAGE_TARNAME "pet"
| #define PACKAGE_VERSION "0.08"
| #define PACKAGE_STRING "pet 0.08"
| #define PACKAGE_BUGREPORT "pet@meinersbur.de"
| #define PACKAGE_URL ""
| #define PACKAGE "pet"
| #define VERSION "0.08"
| #define STDC_HEADERS 1
| #define HAVE_SYS_TYPES_H 1
| #define HAVE_SYS_STAT_H 1
| #define HAVE_STDLIB_H 1
| #define HAVE_STRING_H 1
| #define HAVE_MEMORY_H 1
| #define HAVE_STRINGS_H 1
| #define HAVE_INTTYPES_H 1
| #define HAVE_STDINT_H 1
| #define HAVE_UNISTD_H 1
| #define HAVE_DLFCN_H 1
| #define LT_OBJDIR ".libs/"
| /* end confdefs.h.  */
| #include <ac_nonexistent.h>
configure:12381: checking for ld used by g++
configure:12448: result: /usr/bin/ld -m elf_x86_64
configure:12455: checking if the linker (/usr/bin/ld -m elf_x86_64) is GNU ld
configure:12470: result: yes
configure:12525: checking whether the g++ linker (/usr/bin/ld -m elf_x86_64) supports shared libraries
configure:13530: result: yes
configure:13566: g++ -c -g -O2  conftest.cpp >&5
configure:13569: $? = 0
configure:14089: checking for g++ option to produce PIC
configure:14096: result: -fPIC -DPIC
configure:14104: checking if g++ PIC flag -fPIC -DPIC works
configure:14122: g++ -c -g -O2  -fPIC -DPIC -DPIC conftest.cpp >&5
configure:14126: $? = 0
configure:14139: result: yes
configure:14162: checking if g++ static flag -static works
configure:14190: result: yes
configure:14202: checking if g++ supports -c -o file.o
configure:14223: g++ -c -g -O2  -o out/conftest2.o conftest.cpp >&5
configure:14227: $? = 0
configure:14249: result: yes
configure:14254: checking if g++ supports -c -o file.o
configure:14301: result: yes
configure:14331: checking whether the g++ linker (/usr/bin/ld -m elf_x86_64) supports shared libraries
configure:14367: result: yes
configure:14508: checking dynamic linker characteristics
configure:15179: result: GNU/Linux ld.so
configure:15232: checking how to hardcode library paths into programs
configure:15257: result: immediate
configure:15318: checking for a sed that does not truncate output
configure:15382: result: /bin/sed
configure:15475: checking which clang to use
configure:15477: result: system
configure:15485: checking for llvm-config
configure:15501: found /usr/local/bin/llvm-config
configure:15512: result: yes
configure:15538: checking for main in -lLLVM-3.4svn
configure:15557: gcc -o conftest -g -O2  -L/usr/local/lib   -lrt -ldl -ltinfo -lpthread -lz  conftest.c -lLLVM-3.4svn   >&5
/usr/bin/ld: cannot find -lLLVM-3.4svn
collect2: error: ld returned 1 exit status
configure:15557: $? = 1
configure: failed program was:
| /* confdefs.h */
| #define PACKAGE_NAME "pet"
| #define PACKAGE_TARNAME "pet"
| #define PACKAGE_VERSION "0.08"
| #define PACKAGE_STRING "pet 0.08"
| #define PACKAGE_BUGREPORT "pet@meinersbur.de"
| #define PACKAGE_URL ""
| #define PACKAGE "pet"
| #define VERSION "0.08"
| #define STDC_HEADERS 1
| #define HAVE_SYS_TYPES_H 1
| #define HAVE_SYS_STAT_H 1
| #define HAVE_STDLIB_H 1
| #define HAVE_STRING_H 1
| #define HAVE_MEMORY_H 1
| #define HAVE_STRINGS_H 1
| #define HAVE_INTTYPES_H 1
| #define HAVE_STDINT_H 1
| #define HAVE_UNISTD_H 1
| #define HAVE_DLFCN_H 1
| #define LT_OBJDIR ".libs/"
| /* end confdefs.h.  */
| 
| 
| int
| main ()
| {
| return main ();
|   ;
|   return 0;
| }
configure:15567: result: no
configure:15613: checking clang/Basic/SourceLocation.h usability
configure:15613: g++ -c -g -O2 -I/usr/local/include  -fPIC -fvisibility-inlines-hidden -Wall -W -Wno-unused-parameter -Wwrite-strings -Wno-missing-field-initializers -pedantic -Wno-long-long -Wno-maybe-uninitialized -Wnon-virtual-dtor   -D_GNU_SOURCE -D__STDC_CONSTANT_MACROS -D__STDC_FORMAT_MACROS -D__STDC_LIMIT_MACROS  conftest.cpp >&5
configure:15613: $? = 0
configure:15613: result: yes
configure:15613: checking clang/Basic/SourceLocation.h presence
configure:15613: g++ -E -I/usr/local/include  -fPIC -fvisibility-inlines-hidden -Wall -W -Wno-unused-parameter -Wwrite-strings -Wno-missing-field-initializers -pedantic -Wno-long-long -Wno-maybe-uninitialized -Wnon-virtual-dtor   -D_GNU_SOURCE -D__STDC_CONSTANT_MACROS -D__STDC_FORMAT_MACROS -D__STDC_LIMIT_MACROS  conftest.cpp
configure:15613: $? = 0
configure:15613: result: yes
configure:15613: checking for clang/Basic/SourceLocation.h
configure:15613: result: yes
configure:15767: g++ -c -g -O2 -I/usr/local/include  -fPIC -fvisibility-inlines-hidden -Wall -W -Wno-unused-parameter -Wwrite-strings -Wno-missing-field-initializers -pedantic -Wno-long-long -Wno-maybe-uninitialized -Wnon-virtual-dtor   -D_GNU_SOURCE -D__STDC_CONSTANT_MACROS -D__STDC_FORMAT_MACROS -D__STDC_LIMIT_MACROS  conftest.cpp >&5
configure:15767: $? = 0
configure:15837: checking clang/Basic/DiagnosticOptions.h usability
configure:15837: g++ -c -g -O2 -I/usr/local/include  -fPIC -fvisibility-inlines-hidden -Wall -W -Wno-unused-parameter -Wwrite-strings -Wno-missing-field-initializers -pedantic -Wno-long-long -Wno-maybe-uninitialized -Wnon-virtual-dtor   -D_GNU_SOURCE -D__STDC_CONSTANT_MACROS -D__STDC_FORMAT_MACROS -D__STDC_LIMIT_MACROS  conftest.cpp >&5
configure:15837: $? = 0
configure:15837: result: yes
configure:15837: checking clang/Basic/DiagnosticOptions.h presence
configure:15837: g++ -E -I/usr/local/include  -fPIC -fvisibility-inlines-hidden -Wall -W -Wno-unused-parameter -Wwrite-strings -Wno-missing-field-initializers -pedantic -Wno-long-long -Wno-maybe-uninitialized -Wnon-virtual-dtor   -D_GNU_SOURCE -D__STDC_CONSTANT_MACROS -D__STDC_FORMAT_MACROS -D__STDC_LIMIT_MACROS  conftest.cpp
configure:15837: $? = 0
configure:15837: result: yes
configure:15837: checking for clang/Basic/DiagnosticOptions.h
configure:15837: result: yes
configure:15845: checking for clang/Lex/HeaderSearchOptions.h
configure:15845: g++ -c -g -O2 -I/usr/local/include  -fPIC -fvisibility-inlines-hidden -Wall -W -Wno-unused-parameter -Wwrite-strings -Wno-missing-field-initializers -pedantic -Wno-long-long -Wno-maybe-uninitialized -Wnon-virtual-dtor   -D_GNU_SOURCE -D__STDC_CONSTANT_MACROS -D__STDC_FORMAT_MACROS -D__STDC_LIMIT_MACROS  conftest.cpp >&5
configure:15845: $? = 0
configure:15845: result: yes
configure:15854: checking for clang/Lex/PreprocessorOptions.h
configure:15854: g++ -c -g -O2 -I/usr/local/include  -fPIC -fvisibility-inlines-hidden -Wall -W -Wno-unused-parameter -Wwrite-strings -Wno-missing-field-initializers -pedantic -Wno-long-long -Wno-maybe-uninitialized -Wnon-virtual-dtor   -D_GNU_SOURCE -D__STDC_CONSTANT_MACROS -D__STDC_FORMAT_MACROS -D__STDC_LIMIT_MACROS  conftest.cpp >&5
configure:15854: $? = 0
configure:15854: result: yes
configure:15879: g++ -c -g -O2 -I/usr/local/include  -fPIC -fvisibility-inlines-hidden -Wall -W -Wno-unused-parameter -Wwrite-strings -Wno-missing-field-initializers -pedantic -Wno-long-long -Wno-maybe-uninitialized -Wnon-virtual-dtor   -D_GNU_SOURCE -D__STDC_CONSTANT_MACROS -D__STDC_FORMAT_MACROS -D__STDC_LIMIT_MACROS  conftest.cpp >&5
conftest.cpp: In function 'int main()':
conftest.cpp:42:41: error: no matching function for call to 'clang::TargetInfo::CreateTargetInfo(clang::DiagnosticsEngine&, std::shared_ptr<clang::TargetOptions>&)'
  TargetInfo::CreateTargetInfo(*Diags, TO);
                                         ^
In file included from conftest.cpp:34:0:
/usr/local/include/clang/Basic/TargetInfo.h:97:22: note: candidate: static clang::TargetInfo* clang::TargetInfo::CreateTargetInfo(clang::DiagnosticsEngine&, clang::TargetOptions*)
   static TargetInfo* CreateTargetInfo(DiagnosticsEngine &Diags,
                      ^~~~~~~~~~~~~~~~
/usr/local/include/clang/Basic/TargetInfo.h:97:22: note:   no known conversion for argument 2 from 'std::shared_ptr<clang::TargetOptions>' to 'clang::TargetOptions*'
configure:15879: $? = 1
configure: failed program was:
| /* confdefs.h */
| #define PACKAGE_NAME "pet"
| #define PACKAGE_TARNAME "pet"
| #define PACKAGE_VERSION "0.08"
| #define PACKAGE_STRING "pet 0.08"
| #define PACKAGE_BUGREPORT "pet@meinersbur.de"
| #define PACKAGE_URL ""
| #define PACKAGE "pet"
| #define VERSION "0.08"
| #define STDC_HEADERS 1
| #define HAVE_SYS_TYPES_H 1
| #define HAVE_SYS_STAT_H 1
| #define HAVE_STDLIB_H 1
| #define HAVE_STRING_H 1
| #define HAVE_MEMORY_H 1
| #define HAVE_STRINGS_H 1
| #define HAVE_INTTYPES_H 1
| #define HAVE_STDINT_H 1
| #define HAVE_UNISTD_H 1
| #define HAVE_DLFCN_H 1
| #define LT_OBJDIR ".libs/"
| #define CLANG_PREFIX "/usr/local"
| #define DiagnosticInfo Diagnostic
| #define USE_ARRAYREF /**/
| #define DRIVER_CTOR_TAKES_DEFAULTIMAGENAME /**/
| #define HandleTopLevelDeclReturn bool
| #define HandleTopLevelDeclContinue true
| #define DECLREFEXPR_CREATE_REQUIRES_BOOL /**/
| #define DECLREFEXPR_CREATE_REQUIRES_SOURCELOCATION /**/
| #define HAVE_BASIC_DIAGNOSTICOPTIONS_H /**/
| #define HAVE_LEX_HEADERSEARCHOPTIONS_H /**/
| #define HAVE_LEX_PREPROCESSOROPTIONS_H /**/
| /* end confdefs.h.  */
| #include <clang/Basic/TargetInfo.h>
| int
| main ()
| {
| 
| 	using namespace clang;
| 	std::shared_ptr<TargetOptions> TO;
| 	DiagnosticsEngine *Diags;
| 	TargetInfo::CreateTargetInfo(*Diags, TO);
| 
|   ;
|   return 0;
| }
configure:15901: g++ -c -g -O2 -I/usr/local/include  -fPIC -fvisibility-inlines-hidden -Wall -W -Wno-unused-parameter -Wwrite-strings -Wno-missing-field-initializers -pedantic -Wno-long-long -Wno-maybe-uninitialized -Wnon-virtual-dtor   -D_GNU_SOURCE -D__STDC_CONSTANT_MACROS -D__STDC_FORMAT_MACROS -D__STDC_LIMIT_MACROS  conftest.cpp >&5
conftest.cpp: In function 'int main()':
conftest.cpp:42:42: warning: 'Diags' is used uninitialized in this function [-Wuninitialized]
  TargetInfo::CreateTargetInfo(*Diags, TO);
                                          ^
conftest.cpp:42:42: warning: 'TO' is used uninitialized in this function [-Wuninitialized]
configure:15901: $? = 0
configure:15964: g++ -c -g -O2 -I/usr/local/include  -fPIC -fvisibility-inlines-hidden -Wall -W -Wno-unused-parameter -Wwrite-strings -Wno-missing-field-initializers -pedantic -Wno-long-long -Wno-maybe-uninitialized -Wnon-virtual-dtor   -D_GNU_SOURCE -D__STDC_CONSTANT_MACROS -D__STDC_FORMAT_MACROS -D__STDC_LIMIT_MACROS  conftest.cpp >&5
conftest.cpp: In function 'int main()':
conftest.cpp:45:34: warning: 'Clang' is used uninitialized in this function [-Wuninitialized]
  Clang->createDiagnostics(client);
                                  ^
conftest.cpp:45:34: warning: 'client' is used uninitialized in this function [-Wuninitialized]
configure:15964: $? = 0
configure:15987: g++ -c -g -O2 -I/usr/local/include  -fPIC -fvisibility-inlines-hidden -Wall -W -Wno-unused-parameter -Wwrite-strings -Wno-missing-field-initializers -pedantic -Wno-long-long -Wno-maybe-uninitialized -Wnon-virtual-dtor   -D_GNU_SOURCE -D__STDC_CONSTANT_MACROS -D__STDC_FORMAT_MACROS -D__STDC_LIMIT_MACROS  conftest.cpp >&5
configure:15987: $? = 0
configure:16023: g++ -c -g -O2 -I/usr/local/include  -fPIC -fvisibility-inlines-hidden -Wall -W -Wno-unused-parameter -Wwrite-strings -Wno-missing-field-initializers -pedantic -Wno-long-long -Wno-maybe-uninitialized -Wnon-virtual-dtor   -D_GNU_SOURCE -D__STDC_CONSTANT_MACROS -D__STDC_FORMAT_MACROS -D__STDC_LIMIT_MACROS  conftest.cpp >&5
conftest.cpp: In function 'int main()':
conftest.cpp:45:39: error: no matching function for call to 'clang::CompilerInstance::createPreprocessor(clang::TranslationUnitKind)'
  Clang->createPreprocessor(TU_Complete);
                                       ^
In file included from conftest.cpp:38:0:
/usr/local/include/clang/Frontend/CompilerInstance.h:533:8: note: candidate: void clang::CompilerInstance::createPreprocessor()
   void createPreprocessor();
        ^~~~~~~~~~~~~~~~~~
/usr/local/include/clang/Frontend/CompilerInstance.h:533:8: note:   candidate expects 0 arguments, 1 provided
configure:16023: $? = 1
configure: failed program was:
| /* confdefs.h */
| #define PACKAGE_NAME "pet"
| #define PACKAGE_TARNAME "pet"
| #define PACKAGE_VERSION "0.08"
| #define PACKAGE_STRING "pet 0.08"
| #define PACKAGE_BUGREPORT "pet@meinersbur.de"
| #define PACKAGE_URL ""
| #define PACKAGE "pet"
| #define VERSION "0.08"
| #define STDC_HEADERS 1
| #define HAVE_SYS_TYPES_H 1
| #define HAVE_SYS_STAT_H 1
| #define HAVE_STDLIB_H 1
| #define HAVE_STRING_H 1
| #define HAVE_MEMORY_H 1
| #define HAVE_STRINGS_H 1
| #define HAVE_INTTYPES_H 1
| #define HAVE_STDINT_H 1
| #define HAVE_UNISTD_H 1
| #define HAVE_DLFCN_H 1
| #define LT_OBJDIR ".libs/"
| #define CLANG_PREFIX "/usr/local"
| #define DiagnosticInfo Diagnostic
| #define USE_ARRAYREF /**/
| #define DRIVER_CTOR_TAKES_DEFAULTIMAGENAME /**/
| #define HandleTopLevelDeclReturn bool
| #define HandleTopLevelDeclContinue true
| #define DECLREFEXPR_CREATE_REQUIRES_BOOL /**/
| #define DECLREFEXPR_CREATE_REQUIRES_SOURCELOCATION /**/
| #define HAVE_BASIC_DIAGNOSTICOPTIONS_H /**/
| #define HAVE_LEX_HEADERSEARCHOPTIONS_H /**/
| #define HAVE_LEX_PREPROCESSOROPTIONS_H /**/
| #define CREATETARGETINFO_TAKES_POINTER /**/
| #define HAVE_FINDLOCATIONAFTERTOKEN /**/
| #define HAVE_TRANSLATELINECOL /**/
| #define ADDPATH_TAKES_4_ARGUMENTS /**/
| /* end confdefs.h.  */
| #include <clang/Frontend/CompilerInstance.h>
| int
| main ()
| {
| 
| 	using namespace clang;
| 	CompilerInstance *Clang;
| 	Clang->createPreprocessor(TU_Complete);
| 
|   ;
|   return 0;
| }
configure:16055: checking llvm/ADT/OwningPtr.h usability
configure:16055: g++ -c -g -O2 -I/usr/local/include  -fPIC -fvisibility-inlines-hidden -Wall -W -Wno-unused-parameter -Wwrite-strings -Wno-missing-field-initializers -pedantic -Wno-long-long -Wno-maybe-uninitialized -Wnon-virtual-dtor   -D_GNU_SOURCE -D__STDC_CONSTANT_MACROS -D__STDC_FORMAT_MACROS -D__STDC_LIMIT_MACROS  conftest.cpp >&5
configure:16055: $? = 0
configure:16055: result: yes
configure:16055: checking llvm/ADT/OwningPtr.h presence
configure:16055: g++ -E -I/usr/local/include  -fPIC -fvisibility-inlines-hidden -Wall -W -Wno-unused-parameter -Wwrite-strings -Wno-missing-field-initializers -pedantic -Wno-long-long -Wno-maybe-uninitialized -Wnon-virtual-dtor   -D_GNU_SOURCE -D__STDC_CONSTANT_MACROS -D__STDC_FORMAT_MACROS -D__STDC_LIMIT_MACROS  conftest.cpp
configure:16055: $? = 0
configure:16055: result: yes
configure:16055: checking for llvm/ADT/OwningPtr.h
configure:16055: result: yes
configure:16133: checking for main in -lclangEdit
configure:16152: gcc -o conftest -g -O2  -L/usr/local/lib   -lrt -ldl -ltinfo -lpthread -lz  conftest.c -lclangEdit   >&5
configure:16152: $? = 0
configure:16161: result: yes

## ---------------------- ##
## Running config.status. ##
## ---------------------- ##

This file was extended by isl config.status 0.16.1, which was
generated by GNU Autoconf 2.69.  Invocation command line was

  CONFIG_FILES    = 
  CONFIG_HEADERS  = 
  CONFIG_LINKS    = 
  CONFIG_COMMANDS = 
  $ ../isl/config.status --file=-

on jie-zhao

configure:16215: isl sources in /home/jie/Documents/ppcg-dcl/isl
configure:16261: checking which isl to use
configure:16263: result: build

## ---------------------- ##
## Running config.status. ##
## ---------------------- ##

This file was extended by isl config.status 0.16.1, which was
generated by GNU Autoconf 2.69.  Invocation command line was

  CONFIG_FILES    = 
  CONFIG_HEADERS  = 
  CONFIG_LINKS    = 
  CONFIG_COMMANDS = 
  $ ../isl/config.status --file=-

on jie-zhao

configure:16596: checking which libyaml to use
configure:16598: result: system
configure:16615: checking yaml.h usability
configure:16615: gcc -c -g -O2   conftest.c >&5
configure:16615: $? = 0
configure:16615: result: yes
configure:16615: checking yaml.h presence
configure:16615: gcc -E   conftest.c
configure:16615: $? = 0
configure:16615: result: yes
configure:16615: checking for yaml.h
configure:16615: result: yes
configure:16646: checking our pkgconfig libname
configure:16654: result: pet
configure:16657: checking our pkgconfig version
configure:16665: result: 0.08
configure:16668: checking our pkgconfig_libdir
configure:16675: result: ${libdir}/pkgconfig
configure:16678: result: expanded our pkgconfig_libdir... /usr/local/lib/pkgconfig
configure:16682: checking our pkgconfig_libfile
configure:16688: result: pet.pc
configure:16695: checking our package / suffix
configure:16699: result: pet / 
configure:16702: checking our pkgconfig description
configure:16709: result: pet Library
configure:16712: checking our pkgconfig requires
configure:16717: result: 
configure:16720: checking our pkgconfig ext libs
configure:16727: result: -lpet -lisl
configure:16730: checking our pkgconfig cppflags
configure:16735: result: 
configure:16738: checking our pkgconfig ldflags
configure:16743: result: 
configure:16783: result: noninstalled pkgconfig -L /home/jie/Documents/ppcg-dcl/pet/.libs
configure:16818: result: noninstalled pkgconfig -I /home/jie/Documents/ppcg-dcl/pet/./include
configure:16983: checking that generated files are newer than configure
configure:16989: result: done
configure:17024: creating ./config.status

## ---------------------- ##
## Running config.status. ##
## ---------------------- ##

This file was extended by pet config.status 0.08, which was
generated by GNU Autoconf 2.69.  Invocation command line was

  CONFIG_FILES    = 
  CONFIG_HEADERS  = 
  CONFIG_LINKS    = 
  CONFIG_COMMANDS = 
  $ ./config.status 

on jie-zhao

config.status:1229: creating Makefile
config.status:1229: creating pet_test.sh
config.status:1229: creating codegen_test.sh
config.status:1229: creating config.h
config.status:1458: executing depfiles commands
config.status:1458: executing libtool commands
config.status:1458: executing pet.pc commands
config.status:2364: creating pet.pc.in
config.status:2387: creating pet.pc
config.status:2413: creating pet-uninstalled.pc
config.status:2443: creating pet-uninstalled.sh

## ---------------- ##
## Cache variables. ##
## ---------------- ##

ac_cv_build=x86_64-unknown-linux-gnu
ac_cv_c_compiler_gnu=yes
ac_cv_cxx_compiler_gnu=yes
ac_cv_env_CCC_set=
ac_cv_env_CCC_value=
ac_cv_env_CC_set=
ac_cv_env_CC_value=
ac_cv_env_CFLAGS_set=
ac_cv_env_CFLAGS_value=
ac_cv_env_CPPFLAGS_set=
ac_cv_env_CPPFLAGS_value=
ac_cv_env_CPP_set=
ac_cv_env_CPP_value=
ac_cv_env_CXXCPP_set=
ac_cv_env_CXXCPP_value=
ac_cv_env_CXXFLAGS_set=
ac_cv_env_CXXFLAGS_value=
ac_cv_env_CXX_set=
ac_cv_env_CXX_value=
ac_cv_env_ISL_CFLAGS_set=
ac_cv_env_ISL_CFLAGS_value=
ac_cv_env_ISL_LIBS_set=
ac_cv_env_ISL_LIBS_value=
ac_cv_env_LDFLAGS_set=
ac_cv_env_LDFLAGS_value=
ac_cv_env_LIBS_set=
ac_cv_env_LIBS_value=
ac_cv_env_PKG_CONFIG_LIBDIR_set=
ac_cv_env_PKG_CONFIG_LIBDIR_value=
ac_cv_env_PKG_CONFIG_PATH_set=
ac_cv_env_PKG_CONFIG_PATH_value=
ac_cv_env_PKG_CONFIG_set=
ac_cv_env_PKG_CONFIG_value=
ac_cv_env_build_alias_set=
ac_cv_env_build_alias_value=
ac_cv_env_host_alias_set=
ac_cv_env_host_alias_value=
ac_cv_env_target_alias_set=
ac_cv_env_target_alias_value=
ac_cv_header_clang_Basic_DiagnosticOptions_h=yes
ac_cv_header_clang_Basic_SourceLocation_h=yes
ac_cv_header_clang_Lex_HeaderSearchOptions_h=yes
ac_cv_header_clang_Lex_PreprocessorOptions_h=yes
ac_cv_header_dlfcn_h=yes
ac_cv_header_inttypes_h=yes
ac_cv_header_llvm_ADT_OwningPtr_h=yes
ac_cv_header_memory_h=yes
ac_cv_header_stdc=yes
ac_cv_header_stdint_h=yes
ac_cv_header_stdlib_h=yes
ac_cv_header_string_h=yes
ac_cv_header_strings_h=yes
ac_cv_header_sys_stat_h=yes
ac_cv_header_sys_types_h=yes
ac_cv_header_unistd_h=yes
ac_cv_header_yaml_h=yes
ac_cv_host=x86_64-unknown-linux-gnu
ac_cv_lib_LLVM_3_4svn___main=no
ac_cv_lib_clangEdit_main=yes
ac_cv_objext=o
ac_cv_path_EGREP='/bin/grep -E'
ac_cv_path_FGREP='/bin/grep -F'
ac_cv_path_GREP=/bin/grep
ac_cv_path_SED=/bin/sed
ac_cv_path_install='/usr/bin/install -c'
ac_cv_path_mkdir=/bin/mkdir
ac_cv_prog_AWK=gawk
ac_cv_prog_CPP='gcc -E'
ac_cv_prog_CXXCPP='g++ -E'
ac_cv_prog_ac_ct_AR=ar
ac_cv_prog_ac_ct_CC=gcc
ac_cv_prog_ac_ct_CXX=g++
ac_cv_prog_ac_ct_MANIFEST_TOOL=mt
ac_cv_prog_ac_ct_OBJDUMP=objdump
ac_cv_prog_ac_ct_RANLIB=ranlib
ac_cv_prog_ac_ct_STRIP=strip
ac_cv_prog_cc_c89=
ac_cv_prog_cc_g=yes
ac_cv_prog_cxx_g=yes
ac_cv_prog_llvm_config_found=yes
ac_cv_prog_make_make_set=yes
am_cv_CC_dependencies_compiler_type=gcc3
am_cv_CXX_dependencies_compiler_type=gcc3
am_cv_make_support_nested_variables=yes
lt_cv_ar_at_file=@
lt_cv_archive_cmds_need_lc=no
lt_cv_deplibs_check_method=pass_all
lt_cv_file_magic_cmd='$MAGIC_CMD'
lt_cv_file_magic_test_file=
lt_cv_ld_reload_flag=-r
lt_cv_nm_interface='BSD nm'
lt_cv_objdir=.libs
lt_cv_path_LD=/usr/bin/ld
lt_cv_path_LDCXX='/usr/bin/ld -m elf_x86_64'
lt_cv_path_NM='/usr/bin/nm -B'
lt_cv_path_mainfest_tool=no
lt_cv_prog_compiler_c_o=yes
lt_cv_prog_compiler_c_o_CXX=yes
lt_cv_prog_compiler_pic='-fPIC -DPIC'
lt_cv_prog_compiler_pic_CXX='-fPIC -DPIC'
lt_cv_prog_compiler_pic_works=yes
lt_cv_prog_compiler_pic_works_CXX=yes
lt_cv_prog_compiler_rtti_exceptions=no
lt_cv_prog_compiler_static_works=yes
lt_cv_prog_compiler_static_works_CXX=yes
lt_cv_prog_gnu_ld=yes
lt_cv_prog_gnu_ldcxx=yes
lt_cv_sharedlib_from_linklib_cmd='printf %s\n'
lt_cv_shlibpath_overrides_runpath=yes
lt_cv_sys_global_symbol_pipe='sed -n -e '\''s/^.*[	 ]\([ABCDGIRSTW][ABCDGIRSTW]*\)[	 ][	 ]*\([_A-Za-z][_A-Za-z0-9]*\)$/\1 \2 \2/p'\'' | sed '\''/ __gnu_lto/d'\'''
lt_cv_sys_global_symbol_to_c_name_address='sed -n -e '\''s/^: \([^ ]*\)[ ]*$/  {\"\1\", (void *) 0},/p'\'' -e '\''s/^[ABCDGIRSTW]* \([^ ]*\) \([^ ]*\)$/  {"\2", (void *) \&\2},/p'\'''
lt_cv_sys_global_symbol_to_c_name_address_lib_prefix='sed -n -e '\''s/^: \([^ ]*\)[ ]*$/  {\"\1\", (void *) 0},/p'\'' -e '\''s/^[ABCDGIRSTW]* \([^ ]*\) \(lib[^ ]*\)$/  {"\2", (void *) \&\2},/p'\'' -e '\''s/^[ABCDGIRSTW]* \([^ ]*\) \([^ ]*\)$/  {"lib\2", (void *) \&\2},/p'\'''
lt_cv_sys_global_symbol_to_cdecl='sed -n -e '\''s/^T .* \(.*\)$/extern int \1();/p'\'' -e '\''s/^[ABCDGIRSTW]* .* \(.*\)$/extern char \1;/p'\'''
lt_cv_sys_max_cmd_len=1572864
lt_cv_to_host_file_cmd=func_convert_file_noop
lt_cv_to_tool_file_cmd=func_convert_file_noop

## ----------------- ##
## Output variables. ##
## ----------------- ##

ACLOCAL='${SHELL} /home/jie/Documents/ppcg-dcl/pet/build-aux/missing aclocal-1.13'
AMDEPBACKSLASH='\'
AMDEP_FALSE='#'
AMDEP_TRUE=''
AMTAR='$${TAR-tar}'
AM_BACKSLASH='\'
AM_DEFAULT_V='$(AM_DEFAULT_VERBOSITY)'
AM_DEFAULT_VERBOSITY='0'
AM_V='$(V)'
AR='ar'
AUTOCONF='${SHELL} /home/jie/Documents/ppcg-dcl/pet/build-aux/missing autoconf'
AUTOHEADER='${SHELL} /home/jie/Documents/ppcg-dcl/pet/build-aux/missing autoheader'
AUTOMAKE='${SHELL} /home/jie/Documents/ppcg-dcl/pet/build-aux/missing automake-1.13'
AWK='gawk'
BUNDLED_ISL_FALSE=''
BUNDLED_ISL_TRUE='#'
CC='gcc'
CCDEPMODE='depmode=gcc3'
CFLAGS='-g -O2'
CLANG_CXXFLAGS='-I/usr/local/include  -fPIC -fvisibility-inlines-hidden -Wall -W -Wno-unused-parameter -Wwrite-strings -Wno-missing-field-initializers -pedantic -Wno-long-long -Wno-maybe-uninitialized -Wnon-virtual-dtor   -D_GNU_SOURCE -D__STDC_CONSTANT_MACROS -D__STDC_FORMAT_MACROS -D__STDC_LIMIT_MACROS'
CLANG_LDFLAGS='-L/usr/local/lib   -lrt -ldl -ltinfo -lpthread -lz'
CLANG_LIBS='-lLLVMOption -lLLVMBitReader -lLLVMAsmParser -lLLVMXCoreDisassembler -lLLVMXCoreCodeGen -lLLVMXCoreDesc -lLLVMXCoreInfo -lLLVMXCoreAsmPrinter -lLLVMX86Disassembler -lLLVMX86AsmParser -lLLVMX86CodeGen -lLLVMX86Desc -lLLVMX86Info -lLLVMX86AsmPrinter -lLLVMX86Utils -lLLVMSystemZDisassembler -lLLVMSystemZCodeGen -lLLVMSystemZAsmParser -lLLVMSystemZDesc -lLLVMSystemZInfo -lLLVMSystemZAsmPrinter -lLLVMSparcCodeGen -lLLVMSparcDesc -lLLVMSparcInfo -lLLVMR600CodeGen -lLLVMR600Desc -lLLVMR600Info -lLLVMR600AsmPrinter -lLLVMPowerPCCodeGen -lLLVMPowerPCAsmParser -lLLVMPowerPCDesc -lLLVMPowerPCInfo -lLLVMPowerPCAsmPrinter -lLLVMNVPTXCodeGen -lLLVMNVPTXDesc -lLLVMNVPTXInfo -lLLVMNVPTXAsmPrinter -lLLVMMSP430CodeGen -lLLVMMSP430Desc -lLLVMMSP430Info -lLLVMMSP430AsmPrinter -lLLVMMipsDisassembler -lLLVMMipsCodeGen -lLLVMMipsAsmParser -lLLVMMipsDesc -lLLVMMipsInfo -lLLVMMipsAsmPrinter -lLLVMHexagonCodeGen -lLLVMHexagonAsmPrinter -lLLVMHexagonDesc -lLLVMHexagonInfo -lLLVMCppBackendCodeGen -lLLVMCppBackendInfo -lLLVMARMDisassembler -lLLVMARMCodeGen -lLLVMARMAsmParser -lLLVMARMDesc -lLLVMARMInfo -lLLVMARMAsmPrinter -lLLVMAArch64Disassembler -lLLVMAArch64CodeGen -lLLVMSelectionDAG -lLLVMAsmPrinter -lLLVMCodeGen -lLLVMObjCARCOpts -lLLVMScalarOpts -lLLVMInstCombine -lLLVMTransformUtils -lLLVMipa -lLLVMAnalysis -lLLVMAArch64AsmParser -lLLVMMCParser -lLLVMAArch64Desc -lLLVMAArch64Info -lLLVMTarget -lLLVMAArch64AsmPrinter -lLLVMMC -lLLVMObject -lLLVMAArch64Utils -lLLVMCore -lLLVMSupport '
CLANG_RFLAG=''
CPP='gcc -E'
CPPFLAGS=''
CXX='g++'
CXXCPP='g++ -E'
CXXDEPMODE='depmode=gcc3'
CXXFLAGS='-g -O2'
CYGPATH_W='echo'
DEFS='-DHAVE_CONFIG_H'
DEPDIR='.deps'
DLLTOOL='false'
DSYMUTIL=''
DUMPBIN=''
ECHO_C=''
ECHO_N='-n'
ECHO_T=''
EGREP='/bin/grep -E'
EXEEXT=''
FGREP='/bin/grep -F'
GIT_HEAD='/index'
GIT_HEAD_ID=''
GIT_HEAD_VERSION=''
GREP='/bin/grep'
INSTALL_DATA='${INSTALL} -m 644'
INSTALL_PROGRAM='${INSTALL}'
INSTALL_SCRIPT='${INSTALL}'
INSTALL_STRIP_PROGRAM='$(install_sh) -c -s'
ISL_BUILDDIR='/home/jie/Documents/ppcg-dcl/isl'
ISL_CFLAGS='-I/home/jie/Documents/ppcg-dcl/isl/include -I/home/jie/Documents/ppcg-dcl/isl/include'
ISL_LIBS='../isl/libisl.la'
ISL_SRCDIR='/home/jie/Documents/ppcg-dcl/isl'
LD='/usr/bin/ld -m elf_x86_64'
LDFLAGS=''
LIBOBJS=''
LIBS=''
LIBTOOL='$(SHELL) $(top_builddir)/libtool'
LIBYAML_CPPFLAGS=''
LIBYAML_LDFLAGS=''
LIB_CLANG_EDIT='-lclangEdit'
LIPO=''
LN_S='ln -s'
LTLIBOBJS=''
MAINT=''
MAINTAINER_MODE_FALSE='#'
MAINTAINER_MODE_TRUE=''
MAKEINFO='${SHELL} /home/jie/Documents/ppcg-dcl/pet/build-aux/missing makeinfo'
MANIFEST_TOOL=':'
MKDIR_P='/bin/mkdir -p'
NM='/usr/bin/nm -B'
NMEDIT=''
OBJDUMP='objdump'
OBJEXT='o'
OTOOL64=''
OTOOL=''
PACKAGE='pet'
PACKAGE_BUGREPORT='pet@meinersbur.de'
PACKAGE_NAME='pet'
PACKAGE_STRING='pet 0.08'
PACKAGE_TARNAME='pet'
PACKAGE_URL=''
PACKAGE_VERSION='0.08'
PATH_SEPARATOR=':'
PKG_CONFIG=''
PKG_CONFIG_LIBDIR=''
PKG_CONFIG_PATH=''
RANLIB='ranlib'
SED='/bin/sed'
SET_MAKE=''
SHELL='/bin/bash'
STRIP='strip'
VERSION='0.08'
ac_ct_AR='ar'
ac_ct_CC='gcc'
ac_ct_CXX='g++'
ac_ct_DUMPBIN=''
am__EXEEXT_FALSE=''
am__EXEEXT_TRUE='#'
am__fastdepCC_FALSE='#'
am__fastdepCC_TRUE=''
am__fastdepCXX_FALSE='#'
am__fastdepCXX_TRUE=''
am__include='include'
am__isrc=''
am__leading_dot='.'
am__nodep='_no'
am__quote=''
am__tar='$${TAR-tar} chof - "$$tardir"'
am__untar='$${TAR-tar} xf -'
bindir='${exec_prefix}/bin'
build='x86_64-unknown-linux-gnu'
build_alias=''
build_cpu='x86_64'
build_os='linux-gnu'
build_vendor='unknown'
datadir='${datarootdir}'
datarootdir='${prefix}/share'
docdir='${datarootdir}/doc/${PACKAGE_TARNAME}'
dvidir='${docdir}'
exec_prefix='${prefix}'
extra_bin_programs='pet'
extra_noinst_programs='pet_scop_cmp'
extra_tests='pet_test.sh codegen_test.sh'
host='x86_64-unknown-linux-gnu'
host_alias=''
host_cpu='x86_64'
host_os='linux-gnu'
host_vendor='unknown'
htmldir='${docdir}'
includedir='${prefix}/include'
infodir='${datarootdir}/info'
install_sh='${SHELL} /home/jie/Documents/ppcg-dcl/pet/build-aux/install-sh'
libdir='${exec_prefix}/lib'
libexecdir='${exec_prefix}/libexec'
llvm_config_found='yes'
localedir='${datarootdir}/locale'
localstatedir='${prefix}/var'
mandir='${datarootdir}/man'
mkdir_p='$(MKDIR_P)'
oldincludedir='/usr/include'
pdfdir='${docdir}'
pkgconfig_libdir='${libdir}/pkgconfig'
pkgconfig_libfile='pet.pc'
prefix='/usr/local'
program_transform_name='s,x,x,'
psdir='${docdir}'
sbindir='${exec_prefix}/sbin'
sharedstatedir='${prefix}/com'
subdirs=''
sysconfdir='${prefix}/etc'
target_alias=''
versioninfo='8:0:0'

## ----------- ##
## confdefs.h. ##
## ----------- ##

/* confdefs.h */
#define PACKAGE_NAME "pet"
#define PACKAGE_TARNAME "pet"
#define PACKAGE_VERSION "0.08"
#define PACKAGE_STRING "pet 0.08"
#define PACKAGE_BUGREPORT "pet@meinersbur.de"
#define PACKAGE_URL ""
#define PACKAGE "pet"
#define VERSION "0.08"
#define STDC_HEADERS 1
#define HAVE_SYS_TYPES_H 1
#define HAVE_SYS_STAT_H 1
#define HAVE_STDLIB_H 1
#define HAVE_STRING_H 1
#define HAVE_MEMORY_H 1
#define HAVE_STRINGS_H 1
#define HAVE_INTTYPES_H 1
#define HAVE_STDINT_H 1
#define HAVE_UNISTD_H 1
#define HAVE_DLFCN_H 1
#define LT_OBJDIR ".libs/"
#define CLANG_PREFIX "/usr/local"
#define DiagnosticInfo Diagnostic
#define USE_ARRAYREF /**/
#define DRIVER_CTOR_TAKES_DEFAULTIMAGENAME /**/
#define HandleTopLevelDeclReturn bool
#define HandleTopLevelDeclContinue true
#define DECLREFEXPR_CREATE_REQUIRES_BOOL /**/
#define DECLREFEXPR_CREATE_REQUIRES_SOURCELOCATION /**/
#define HAVE_BASIC_DIAGNOSTICOPTIONS_H /**/
#define HAVE_LEX_HEADERSEARCHOPTIONS_H /**/
#define HAVE_LEX_PREPROCESSOROPTIONS_H /**/
#define CREATETARGETINFO_TAKES_POINTER /**/
#define HAVE_FINDLOCATIONAFTERTOKEN /**/
#define HAVE_TRANSLATELINECOL /**/
#define ADDPATH_TAKES_4_ARGUMENTS /**/
#define HAVE_DECAYEDTYPE /**/
#define HAVE_SETMAINFILEID /**/
#define HAVE_ADT_OWNINGPTR_H /**/
#define HAVE_STMTRANGE /**/
#define initializeBuiltins InitializeBuiltins

configure: exit 0
